<?xml version="1.0" encoding="UTF-8"?>
<testsuite xmlns:xsi="http://www.w3.org/2001/XMLSchema-instance" xsi:noNamespaceSchemaLocation="https://maven.apache.org/surefire/maven-surefire-plugin/xsd/surefire-test-report.xsd" name="com.fastfood.configmicroservice.ConfigMicroserviceApplicationTests" time="7.29" tests="1" errors="0" skipped="0" failures="0">
  <properties>
    <property name="java.specification.version" value="17"/>
    <property name="sun.cpu.isalist" value="amd64"/>
    <property name="sun.jnu.encoding" value="Cp1252"/>
    <property name="java.class.path" value="C:\Users\dylan\Escritorio\edwin bugs\kruger-full-stack-backend\config-microservice\target\test-classes;C:\Users\dylan\Escritorio\edwin bugs\kruger-full-stack-backend\config-microservice\target\classes;C:\Users\dylan\.m2\repository\org\springframework\cloud\spring-cloud-config-server\4.0.0\spring-cloud-config-server-4.0.0.jar;C:\Users\dylan\.m2\repository\org\springframework\cloud\spring-cloud-config-client\4.0.0\spring-cloud-config-client-4.0.0.jar;C:\Users\dylan\.m2\repository\org\springframework\boot\spring-boot-autoconfigure\3.0.1\spring-boot-autoconfigure-3.0.1.jar;C:\Users\dylan\.m2\repository\org\springframework\cloud\spring-cloud-commons\4.0.0\spring-cloud-commons-4.0.0.jar;C:\Users\dylan\.m2\repository\org\springframework\cloud\spring-cloud-context\4.0.0\spring-cloud-context-4.0.0.jar;C:\Users\dylan\.m2\repository\org\springframework\spring-web\6.0.3\spring-web-6.0.3.jar;C:\Users\dylan\.m2\repository\com\fasterxml\jackson\core\jackson-annotations\2.14.1\jackson-annotations-2.14.1.jar;C:\Users\dylan\.m2\repository\com\fasterxml\jackson\core\jackson-databind\2.14.1\jackson-databind-2.14.1.jar;C:\Users\dylan\.m2\repository\io\micrometer\micrometer-observation\1.10.2\micrometer-observation-1.10.2.jar;C:\Users\dylan\.m2\repository\io\micrometer\micrometer-commons\1.10.2\micrometer-commons-1.10.2.jar;C:\Users\dylan\.m2\repository\org\springframework\boot\spring-boot-starter-web\3.0.1\spring-boot-starter-web-3.0.1.jar;C:\Users\dylan\.m2\repository\org\springframework\boot\spring-boot-starter-json\3.0.1\spring-boot-starter-json-3.0.1.jar;C:\Users\dylan\.m2\repository\com\fasterxml\jackson\datatype\jackson-datatype-jdk8\2.14.1\jackson-datatype-jdk8-2.14.1.jar;C:\Users\dylan\.m2\repository\com\fasterxml\jackson\datatype\jackson-datatype-jsr310\2.14.1\jackson-datatype-jsr310-2.14.1.jar;C:\Users\dylan\.m2\repository\com\fasterxml\jackson\module\jackson-module-parameter-names\2.14.1\jackson-module-parameter-names-2.14.1.jar;C:\Users\dylan\.m2\repository\org\springframework\boot\spring-boot-starter-tomcat\3.0.1\spring-boot-starter-tomcat-3.0.1.jar;C:\Users\dylan\.m2\repository\org\apache\tomcat\embed\tomcat-embed-core\10.1.4\tomcat-embed-core-10.1.4.jar;C:\Users\dylan\.m2\repository\org\apache\tomcat\embed\tomcat-embed-websocket\10.1.4\tomcat-embed-websocket-10.1.4.jar;C:\Users\dylan\.m2\repository\org\springframework\spring-webmvc\6.0.3\spring-webmvc-6.0.3.jar;C:\Users\dylan\.m2\repository\org\springframework\boot\spring-boot-starter-validation\3.0.1\spring-boot-starter-validation-3.0.1.jar;C:\Users\dylan\.m2\repository\org\apache\tomcat\embed\tomcat-embed-el\10.1.4\tomcat-embed-el-10.1.4.jar;C:\Users\dylan\.m2\repository\org\hibernate\validator\hibernate-validator\8.0.0.Final\hibernate-validator-8.0.0.Final.jar;C:\Users\dylan\.m2\repository\jakarta\validation\jakarta.validation-api\3.0.2\jakarta.validation-api-3.0.2.jar;C:\Users\dylan\.m2\repository\org\jboss\logging\jboss-logging\3.5.0.Final\jboss-logging-3.5.0.Final.jar;C:\Users\dylan\.m2\repository\com\fasterxml\classmate\1.5.1\classmate-1.5.1.jar;C:\Users\dylan\.m2\repository\org\springframework\security\spring-security-crypto\6.0.1\spring-security-crypto-6.0.1.jar;C:\Users\dylan\.m2\repository\org\springframework\security\spring-security-rsa\1.0.11.RELEASE\spring-security-rsa-1.0.11.RELEASE.jar;C:\Users\dylan\.m2\repository\org\bouncycastle\bcpkix-jdk15on\1.69\bcpkix-jdk15on-1.69.jar;C:\Users\dylan\.m2\repository\org\bouncycastle\bcprov-jdk15on\1.69\bcprov-jdk15on-1.69.jar;C:\Users\dylan\.m2\repository\org\bouncycastle\bcutil-jdk15on\1.69\bcutil-jdk15on-1.69.jar;C:\Users\dylan\.m2\repository\org\apache\httpcomponents\client5\httpclient5\5.1.4\httpclient5-5.1.4.jar;C:\Users\dylan\.m2\repository\org\apache\httpcomponents\core5\httpcore5\5.1.5\httpcore5-5.1.5.jar;C:\Users\dylan\.m2\repository\org\apache\httpcomponents\core5\httpcore5-h2\5.1.5\httpcore5-h2-5.1.5.jar;C:\Users\dylan\.m2\repository\org\slf4j\slf4j-api\2.0.6\slf4j-api-2.0.6.jar;C:\Users\dylan\.m2\repository\commons-codec\commons-codec\1.15\commons-codec-1.15.jar;C:\Users\dylan\.m2\repository\org\eclipse\jgit\org.eclipse.jgit\6.4.0.202211300538-r\org.eclipse.jgit-6.4.0.202211300538-r.jar;C:\Users\dylan\.m2\repository\com\googlecode\javaewah\JavaEWAH\1.1.13\JavaEWAH-1.1.13.jar;C:\Users\dylan\.m2\repository\org\eclipse\jgit\org.eclipse.jgit.http.apache\6.4.0.202211300538-r\org.eclipse.jgit.http.apache-6.4.0.202211300538-r.jar;C:\Users\dylan\.m2\repository\org\apache\httpcomponents\httpclient\4.5.14\httpclient-4.5.14.jar;C:\Users\dylan\.m2\repository\org\apache\httpcomponents\httpcore\4.4.16\httpcore-4.4.16.jar;C:\Users\dylan\.m2\repository\org\eclipse\jgit\org.eclipse.jgit.ssh.apache\6.4.0.202211300538-r\org.eclipse.jgit.ssh.apache-6.4.0.202211300538-r.jar;C:\Users\dylan\.m2\repository\org\apache\sshd\sshd-osgi\2.9.2\sshd-osgi-2.9.2.jar;C:\Users\dylan\.m2\repository\org\slf4j\jcl-over-slf4j\2.0.6\jcl-over-slf4j-2.0.6.jar;C:\Users\dylan\.m2\repository\org\apache\sshd\sshd-sftp\2.9.2\sshd-sftp-2.9.2.jar;C:\Users\dylan\.m2\repository\org\apache\sshd\sshd-core\2.9.2\sshd-core-2.9.2.jar;C:\Users\dylan\.m2\repository\org\apache\sshd\sshd-common\2.9.2\sshd-common-2.9.2.jar;C:\Users\dylan\.m2\repository\net\i2p\crypto\eddsa\0.3.0\eddsa-0.3.0.jar;C:\Users\dylan\.m2\repository\org\yaml\snakeyaml\1.33\snakeyaml-1.33.jar;C:\Users\dylan\.m2\repository\com\fasterxml\jackson\dataformat\jackson-dataformat-yaml\2.14.1\jackson-dataformat-yaml-2.14.1.jar;C:\Users\dylan\.m2\repository\com\fasterxml\jackson\core\jackson-core\2.14.1\jackson-core-2.14.1.jar;C:\Users\dylan\.m2\repository\org\springframework\cloud\spring-cloud-starter-bootstrap\4.0.0\spring-cloud-starter-bootstrap-4.0.0.jar;C:\Users\dylan\.m2\repository\org\springframework\cloud\spring-cloud-starter\4.0.0\spring-cloud-starter-4.0.0.jar;C:\Users\dylan\.m2\repository\org\springframework\boot\spring-boot-starter-test\3.0.1\spring-boot-starter-test-3.0.1.jar;C:\Users\dylan\.m2\repository\org\springframework\boot\spring-boot-starter\3.0.1\spring-boot-starter-3.0.1.jar;C:\Users\dylan\.m2\repository\org\springframework\boot\spring-boot\3.0.1\spring-boot-3.0.1.jar;C:\Users\dylan\.m2\repository\org\springframework\boot\spring-boot-starter-logging\3.0.1\spring-boot-starter-logging-3.0.1.jar;C:\Users\dylan\.m2\repository\ch\qos\logback\logback-classic\1.4.5\logback-classic-1.4.5.jar;C:\Users\dylan\.m2\repository\ch\qos\logback\logback-core\1.4.5\logback-core-1.4.5.jar;C:\Users\dylan\.m2\repository\org\apache\logging\log4j\log4j-to-slf4j\2.19.0\log4j-to-slf4j-2.19.0.jar;C:\Users\dylan\.m2\repository\org\apache\logging\log4j\log4j-api\2.19.0\log4j-api-2.19.0.jar;C:\Users\dylan\.m2\repository\org\slf4j\jul-to-slf4j\2.0.6\jul-to-slf4j-2.0.6.jar;C:\Users\dylan\.m2\repository\jakarta\annotation\jakarta.annotation-api\2.1.1\jakarta.annotation-api-2.1.1.jar;C:\Users\dylan\.m2\repository\org\springframework\boot\spring-boot-test\3.0.1\spring-boot-test-3.0.1.jar;C:\Users\dylan\.m2\repository\org\springframework\boot\spring-boot-test-autoconfigure\3.0.1\spring-boot-test-autoconfigure-3.0.1.jar;C:\Users\dylan\.m2\repository\com\jayway\jsonpath\json-path\2.7.0\json-path-2.7.0.jar;C:\Users\dylan\.m2\repository\net\minidev\json-smart\2.4.8\json-smart-2.4.8.jar;C:\Users\dylan\.m2\repository\net\minidev\accessors-smart\2.4.8\accessors-smart-2.4.8.jar;C:\Users\dylan\.m2\repository\org\ow2\asm\asm\9.1\asm-9.1.jar;C:\Users\dylan\.m2\repository\jakarta\xml\bind\jakarta.xml.bind-api\4.0.0\jakarta.xml.bind-api-4.0.0.jar;C:\Users\dylan\.m2\repository\jakarta\activation\jakarta.activation-api\2.1.0\jakarta.activation-api-2.1.0.jar;C:\Users\dylan\.m2\repository\org\assertj\assertj-core\3.23.1\assertj-core-3.23.1.jar;C:\Users\dylan\.m2\repository\net\bytebuddy\byte-buddy\1.12.20\byte-buddy-1.12.20.jar;C:\Users\dylan\.m2\repository\org\hamcrest\hamcrest\2.2\hamcrest-2.2.jar;C:\Users\dylan\.m2\repository\org\junit\jupiter\junit-jupiter\5.9.1\junit-jupiter-5.9.1.jar;C:\Users\dylan\.m2\repository\org\junit\jupiter\junit-jupiter-api\5.9.1\junit-jupiter-api-5.9.1.jar;C:\Users\dylan\.m2\repository\org\opentest4j\opentest4j\1.2.0\opentest4j-1.2.0.jar;C:\Users\dylan\.m2\repository\org\junit\platform\junit-platform-commons\1.9.1\junit-platform-commons-1.9.1.jar;C:\Users\dylan\.m2\repository\org\apiguardian\apiguardian-api\1.1.2\apiguardian-api-1.1.2.jar;C:\Users\dylan\.m2\repository\org\junit\jupiter\junit-jupiter-params\5.9.1\junit-jupiter-params-5.9.1.jar;C:\Users\dylan\.m2\repository\org\junit\jupiter\junit-jupiter-engine\5.9.1\junit-jupiter-engine-5.9.1.jar;C:\Users\dylan\.m2\repository\org\junit\platform\junit-platform-engine\1.9.1\junit-platform-engine-1.9.1.jar;C:\Users\dylan\.m2\repository\org\mockito\mockito-core\4.8.1\mockito-core-4.8.1.jar;C:\Users\dylan\.m2\repository\net\bytebuddy\byte-buddy-agent\1.12.20\byte-buddy-agent-1.12.20.jar;C:\Users\dylan\.m2\repository\org\objenesis\objenesis\3.2\objenesis-3.2.jar;C:\Users\dylan\.m2\repository\org\mockito\mockito-junit-jupiter\4.8.1\mockito-junit-jupiter-4.8.1.jar;C:\Users\dylan\.m2\repository\org\skyscreamer\jsonassert\1.5.1\jsonassert-1.5.1.jar;C:\Users\dylan\.m2\repository\com\vaadin\external\google\android-json\0.0.20131108.vaadin1\android-json-0.0.20131108.vaadin1.jar;C:\Users\dylan\.m2\repository\org\springframework\spring-core\6.0.3\spring-core-6.0.3.jar;C:\Users\dylan\.m2\repository\org\springframework\spring-jcl\6.0.3\spring-jcl-6.0.3.jar;C:\Users\dylan\.m2\repository\org\springframework\spring-test\6.0.3\spring-test-6.0.3.jar;C:\Users\dylan\.m2\repository\org\xmlunit\xmlunit-core\2.9.0\xmlunit-core-2.9.0.jar;C:\Users\dylan\.m2\repository\org\springframework\security\spring-security-test\6.0.1\spring-security-test-6.0.1.jar;C:\Users\dylan\.m2\repository\org\springframework\security\spring-security-core\6.0.1\spring-security-core-6.0.1.jar;C:\Users\dylan\.m2\repository\org\springframework\spring-aop\6.0.3\spring-aop-6.0.3.jar;C:\Users\dylan\.m2\repository\org\springframework\spring-beans\6.0.3\spring-beans-6.0.3.jar;C:\Users\dylan\.m2\repository\org\springframework\spring-context\6.0.3\spring-context-6.0.3.jar;C:\Users\dylan\.m2\repository\org\springframework\spring-expression\6.0.3\spring-expression-6.0.3.jar;C:\Users\dylan\.m2\repository\org\springframework\security\spring-security-web\6.0.1\spring-security-web-6.0.1.jar;"/>
    <property name="java.vm.vendor" value="Oracle Corporation"/>
    <property name="sun.arch.data.model" value="64"/>
    <property name="user.variant" value=""/>
    <property name="java.vendor.url" value="https://java.oracle.com/"/>
    <property name="user.timezone" value="America/Bogota"/>
    <property name="os.name" value="Windows 11"/>
    <property name="java.vm.specification.version" value="17"/>
    <property name="sun.java.launcher" value="SUN_STANDARD"/>
    <property name="user.country" value="US"/>
    <property name="sun.boot.library.path" value="C:\Program Files\Java\jdk-17\bin"/>
    <property name="sun.java.command" value="C:\Users\dylan\AppData\Local\Temp\surefire10921814178801186120\surefirebooter2413840870093543648.jar C:\Users\dylan\AppData\Local\Temp\surefire10921814178801186120 2023-01-30T21-54-46_078-jvmRun1 surefire17919456461085539098tmp surefire_013133443652083258068tmp"/>
    <property name="jdk.debug" value="release"/>
    <property name="surefire.test.class.path" value="C:\Users\dylan\Escritorio\edwin bugs\kruger-full-stack-backend\config-microservice\target\test-classes;C:\Users\dylan\Escritorio\edwin bugs\kruger-full-stack-backend\config-microservice\target\classes;C:\Users\dylan\.m2\repository\org\springframework\cloud\spring-cloud-config-server\4.0.0\spring-cloud-config-server-4.0.0.jar;C:\Users\dylan\.m2\repository\org\springframework\cloud\spring-cloud-config-client\4.0.0\spring-cloud-config-client-4.0.0.jar;C:\Users\dylan\.m2\repository\org\springframework\boot\spring-boot-autoconfigure\3.0.1\spring-boot-autoconfigure-3.0.1.jar;C:\Users\dylan\.m2\repository\org\springframework\cloud\spring-cloud-commons\4.0.0\spring-cloud-commons-4.0.0.jar;C:\Users\dylan\.m2\repository\org\springframework\cloud\spring-cloud-context\4.0.0\spring-cloud-context-4.0.0.jar;C:\Users\dylan\.m2\repository\org\springframework\spring-web\6.0.3\spring-web-6.0.3.jar;C:\Users\dylan\.m2\repository\com\fasterxml\jackson\core\jackson-annotations\2.14.1\jackson-annotations-2.14.1.jar;C:\Users\dylan\.m2\repository\com\fasterxml\jackson\core\jackson-databind\2.14.1\jackson-databind-2.14.1.jar;C:\Users\dylan\.m2\repository\io\micrometer\micrometer-observation\1.10.2\micrometer-observation-1.10.2.jar;C:\Users\dylan\.m2\repository\io\micrometer\micrometer-commons\1.10.2\micrometer-commons-1.10.2.jar;C:\Users\dylan\.m2\repository\org\springframework\boot\spring-boot-starter-web\3.0.1\spring-boot-starter-web-3.0.1.jar;C:\Users\dylan\.m2\repository\org\springframework\boot\spring-boot-starter-json\3.0.1\spring-boot-starter-json-3.0.1.jar;C:\Users\dylan\.m2\repository\com\fasterxml\jackson\datatype\jackson-datatype-jdk8\2.14.1\jackson-datatype-jdk8-2.14.1.jar;C:\Users\dylan\.m2\repository\com\fasterxml\jackson\datatype\jackson-datatype-jsr310\2.14.1\jackson-datatype-jsr310-2.14.1.jar;C:\Users\dylan\.m2\repository\com\fasterxml\jackson\module\jackson-module-parameter-names\2.14.1\jackson-module-parameter-names-2.14.1.jar;C:\Users\dylan\.m2\repository\org\springframework\boot\spring-boot-starter-tomcat\3.0.1\spring-boot-starter-tomcat-3.0.1.jar;C:\Users\dylan\.m2\repository\org\apache\tomcat\embed\tomcat-embed-core\10.1.4\tomcat-embed-core-10.1.4.jar;C:\Users\dylan\.m2\repository\org\apache\tomcat\embed\tomcat-embed-websocket\10.1.4\tomcat-embed-websocket-10.1.4.jar;C:\Users\dylan\.m2\repository\org\springframework\spring-webmvc\6.0.3\spring-webmvc-6.0.3.jar;C:\Users\dylan\.m2\repository\org\springframework\boot\spring-boot-starter-validation\3.0.1\spring-boot-starter-validation-3.0.1.jar;C:\Users\dylan\.m2\repository\org\apache\tomcat\embed\tomcat-embed-el\10.1.4\tomcat-embed-el-10.1.4.jar;C:\Users\dylan\.m2\repository\org\hibernate\validator\hibernate-validator\8.0.0.Final\hibernate-validator-8.0.0.Final.jar;C:\Users\dylan\.m2\repository\jakarta\validation\jakarta.validation-api\3.0.2\jakarta.validation-api-3.0.2.jar;C:\Users\dylan\.m2\repository\org\jboss\logging\jboss-logging\3.5.0.Final\jboss-logging-3.5.0.Final.jar;C:\Users\dylan\.m2\repository\com\fasterxml\classmate\1.5.1\classmate-1.5.1.jar;C:\Users\dylan\.m2\repository\org\springframework\security\spring-security-crypto\6.0.1\spring-security-crypto-6.0.1.jar;C:\Users\dylan\.m2\repository\org\springframework\security\spring-security-rsa\1.0.11.RELEASE\spring-security-rsa-1.0.11.RELEASE.jar;C:\Users\dylan\.m2\repository\org\bouncycastle\bcpkix-jdk15on\1.69\bcpkix-jdk15on-1.69.jar;C:\Users\dylan\.m2\repository\org\bouncycastle\bcprov-jdk15on\1.69\bcprov-jdk15on-1.69.jar;C:\Users\dylan\.m2\repository\org\bouncycastle\bcutil-jdk15on\1.69\bcutil-jdk15on-1.69.jar;C:\Users\dylan\.m2\repository\org\apache\httpcomponents\client5\httpclient5\5.1.4\httpclient5-5.1.4.jar;C:\Users\dylan\.m2\repository\org\apache\httpcomponents\core5\httpcore5\5.1.5\httpcore5-5.1.5.jar;C:\Users\dylan\.m2\repository\org\apache\httpcomponents\core5\httpcore5-h2\5.1.5\httpcore5-h2-5.1.5.jar;C:\Users\dylan\.m2\repository\org\slf4j\slf4j-api\2.0.6\slf4j-api-2.0.6.jar;C:\Users\dylan\.m2\repository\commons-codec\commons-codec\1.15\commons-codec-1.15.jar;C:\Users\dylan\.m2\repository\org\eclipse\jgit\org.eclipse.jgit\6.4.0.202211300538-r\org.eclipse.jgit-6.4.0.202211300538-r.jar;C:\Users\dylan\.m2\repository\com\googlecode\javaewah\JavaEWAH\1.1.13\JavaEWAH-1.1.13.jar;C:\Users\dylan\.m2\repository\org\eclipse\jgit\org.eclipse.jgit.http.apache\6.4.0.202211300538-r\org.eclipse.jgit.http.apache-6.4.0.202211300538-r.jar;C:\Users\dylan\.m2\repository\org\apache\httpcomponents\httpclient\4.5.14\httpclient-4.5.14.jar;C:\Users\dylan\.m2\repository\org\apache\httpcomponents\httpcore\4.4.16\httpcore-4.4.16.jar;C:\Users\dylan\.m2\repository\org\eclipse\jgit\org.eclipse.jgit.ssh.apache\6.4.0.202211300538-r\org.eclipse.jgit.ssh.apache-6.4.0.202211300538-r.jar;C:\Users\dylan\.m2\repository\org\apache\sshd\sshd-osgi\2.9.2\sshd-osgi-2.9.2.jar;C:\Users\dylan\.m2\repository\org\slf4j\jcl-over-slf4j\2.0.6\jcl-over-slf4j-2.0.6.jar;C:\Users\dylan\.m2\repository\org\apache\sshd\sshd-sftp\2.9.2\sshd-sftp-2.9.2.jar;C:\Users\dylan\.m2\repository\org\apache\sshd\sshd-core\2.9.2\sshd-core-2.9.2.jar;C:\Users\dylan\.m2\repository\org\apache\sshd\sshd-common\2.9.2\sshd-common-2.9.2.jar;C:\Users\dylan\.m2\repository\net\i2p\crypto\eddsa\0.3.0\eddsa-0.3.0.jar;C:\Users\dylan\.m2\repository\org\yaml\snakeyaml\1.33\snakeyaml-1.33.jar;C:\Users\dylan\.m2\repository\com\fasterxml\jackson\dataformat\jackson-dataformat-yaml\2.14.1\jackson-dataformat-yaml-2.14.1.jar;C:\Users\dylan\.m2\repository\com\fasterxml\jackson\core\jackson-core\2.14.1\jackson-core-2.14.1.jar;C:\Users\dylan\.m2\repository\org\springframework\cloud\spring-cloud-starter-bootstrap\4.0.0\spring-cloud-starter-bootstrap-4.0.0.jar;C:\Users\dylan\.m2\repository\org\springframework\cloud\spring-cloud-starter\4.0.0\spring-cloud-starter-4.0.0.jar;C:\Users\dylan\.m2\repository\org\springframework\boot\spring-boot-starter-test\3.0.1\spring-boot-starter-test-3.0.1.jar;C:\Users\dylan\.m2\repository\org\springframework\boot\spring-boot-starter\3.0.1\spring-boot-starter-3.0.1.jar;C:\Users\dylan\.m2\repository\org\springframework\boot\spring-boot\3.0.1\spring-boot-3.0.1.jar;C:\Users\dylan\.m2\repository\org\springframework\boot\spring-boot-starter-logging\3.0.1\spring-boot-starter-logging-3.0.1.jar;C:\Users\dylan\.m2\repository\ch\qos\logback\logback-classic\1.4.5\logback-classic-1.4.5.jar;C:\Users\dylan\.m2\repository\ch\qos\logback\logback-core\1.4.5\logback-core-1.4.5.jar;C:\Users\dylan\.m2\repository\org\apache\logging\log4j\log4j-to-slf4j\2.19.0\log4j-to-slf4j-2.19.0.jar;C:\Users\dylan\.m2\repository\org\apache\logging\log4j\log4j-api\2.19.0\log4j-api-2.19.0.jar;C:\Users\dylan\.m2\repository\org\slf4j\jul-to-slf4j\2.0.6\jul-to-slf4j-2.0.6.jar;C:\Users\dylan\.m2\repository\jakarta\annotation\jakarta.annotation-api\2.1.1\jakarta.annotation-api-2.1.1.jar;C:\Users\dylan\.m2\repository\org\springframework\boot\spring-boot-test\3.0.1\spring-boot-test-3.0.1.jar;C:\Users\dylan\.m2\repository\org\springframework\boot\spring-boot-test-autoconfigure\3.0.1\spring-boot-test-autoconfigure-3.0.1.jar;C:\Users\dylan\.m2\repository\com\jayway\jsonpath\json-path\2.7.0\json-path-2.7.0.jar;C:\Users\dylan\.m2\repository\net\minidev\json-smart\2.4.8\json-smart-2.4.8.jar;C:\Users\dylan\.m2\repository\net\minidev\accessors-smart\2.4.8\accessors-smart-2.4.8.jar;C:\Users\dylan\.m2\repository\org\ow2\asm\asm\9.1\asm-9.1.jar;C:\Users\dylan\.m2\repository\jakarta\xml\bind\jakarta.xml.bind-api\4.0.0\jakarta.xml.bind-api-4.0.0.jar;C:\Users\dylan\.m2\repository\jakarta\activation\jakarta.activation-api\2.1.0\jakarta.activation-api-2.1.0.jar;C:\Users\dylan\.m2\repository\org\assertj\assertj-core\3.23.1\assertj-core-3.23.1.jar;C:\Users\dylan\.m2\repository\net\bytebuddy\byte-buddy\1.12.20\byte-buddy-1.12.20.jar;C:\Users\dylan\.m2\repository\org\hamcrest\hamcrest\2.2\hamcrest-2.2.jar;C:\Users\dylan\.m2\repository\org\junit\jupiter\junit-jupiter\5.9.1\junit-jupiter-5.9.1.jar;C:\Users\dylan\.m2\repository\org\junit\jupiter\junit-jupiter-api\5.9.1\junit-jupiter-api-5.9.1.jar;C:\Users\dylan\.m2\repository\org\opentest4j\opentest4j\1.2.0\opentest4j-1.2.0.jar;C:\Users\dylan\.m2\repository\org\junit\platform\junit-platform-commons\1.9.1\junit-platform-commons-1.9.1.jar;C:\Users\dylan\.m2\repository\org\apiguardian\apiguardian-api\1.1.2\apiguardian-api-1.1.2.jar;C:\Users\dylan\.m2\repository\org\junit\jupiter\junit-jupiter-params\5.9.1\junit-jupiter-params-5.9.1.jar;C:\Users\dylan\.m2\repository\org\junit\jupiter\junit-jupiter-engine\5.9.1\junit-jupiter-engine-5.9.1.jar;C:\Users\dylan\.m2\repository\org\junit\platform\junit-platform-engine\1.9.1\junit-platform-engine-1.9.1.jar;C:\Users\dylan\.m2\repository\org\mockito\mockito-core\4.8.1\mockito-core-4.8.1.jar;C:\Users\dylan\.m2\repository\net\bytebuddy\byte-buddy-agent\1.12.20\byte-buddy-agent-1.12.20.jar;C:\Users\dylan\.m2\repository\org\objenesis\objenesis\3.2\objenesis-3.2.jar;C:\Users\dylan\.m2\repository\org\mockito\mockito-junit-jupiter\4.8.1\mockito-junit-jupiter-4.8.1.jar;C:\Users\dylan\.m2\repository\org\skyscreamer\jsonassert\1.5.1\jsonassert-1.5.1.jar;C:\Users\dylan\.m2\repository\com\vaadin\external\google\android-json\0.0.20131108.vaadin1\android-json-0.0.20131108.vaadin1.jar;C:\Users\dylan\.m2\repository\org\springframework\spring-core\6.0.3\spring-core-6.0.3.jar;C:\Users\dylan\.m2\repository\org\springframework\spring-jcl\6.0.3\spring-jcl-6.0.3.jar;C:\Users\dylan\.m2\repository\org\springframework\spring-test\6.0.3\spring-test-6.0.3.jar;C:\Users\dylan\.m2\repository\org\xmlunit\xmlunit-core\2.9.0\xmlunit-core-2.9.0.jar;C:\Users\dylan\.m2\repository\org\springframework\security\spring-security-test\6.0.1\spring-security-test-6.0.1.jar;C:\Users\dylan\.m2\repository\org\springframework\security\spring-security-core\6.0.1\spring-security-core-6.0.1.jar;C:\Users\dylan\.m2\repository\org\springframework\spring-aop\6.0.3\spring-aop-6.0.3.jar;C:\Users\dylan\.m2\repository\org\springframework\spring-beans\6.0.3\spring-beans-6.0.3.jar;C:\Users\dylan\.m2\repository\org\springframework\spring-context\6.0.3\spring-context-6.0.3.jar;C:\Users\dylan\.m2\repository\org\springframework\spring-expression\6.0.3\spring-expression-6.0.3.jar;C:\Users\dylan\.m2\repository\org\springframework\security\spring-security-web\6.0.1\spring-security-web-6.0.1.jar;"/>
    <property name="sun.cpu.endian" value="little"/>
    <property name="user.home" value="C:\Users\dylan"/>
    <property name="user.language" value="en"/>
    <property name="java.specification.vendor" value="Oracle Corporation"/>
    <property name="java.version.date" value="2023-01-17"/>
    <property name="java.home" value="C:\Program Files\Java\jdk-17"/>
    <property name="file.separator" value="\"/>
    <property name="basedir" value="C:\Users\dylan\Escritorio\edwin bugs\kruger-full-stack-backend\config-microservice"/>
    <property name="java.vm.compressedOopsMode" value="Zero based"/>
    <property name="line.separator" value="&#10;"/>
    <property name="java.vm.specification.vendor" value="Oracle Corporation"/>
    <property name="java.specification.name" value="Java Platform API Specification"/>
    <property name="surefire.real.class.path" value="C:\Users\dylan\AppData\Local\Temp\surefire10921814178801186120\surefirebooter2413840870093543648.jar"/>
    <property name="user.script" value=""/>
    <property name="sun.management.compiler" value="HotSpot 64-Bit Tiered Compilers"/>
    <property name="java.runtime.version" value="17.0.6+9-LTS-190"/>
    <property name="user.name" value="dylan"/>
    <property name="path.separator" value=";"/>
    <property name="os.version" value="10.0"/>
    <property name="java.runtime.name" value="Java(TM) SE Runtime Environment"/>
    <property name="file.encoding" value="Cp1252"/>
    <property name="java.vm.name" value="Java HotSpot(TM) 64-Bit Server VM"/>
    <property name="localRepository" value="C:\Users\dylan\.m2\repository"/>
    <property name="java.vendor.url.bug" value="https://bugreport.java.com/bugreport/"/>
    <property name="java.io.tmpdir" value="C:\Users\dylan\AppData\Local\Temp\"/>
    <property name="idea.version" value="2022.3.1"/>
    <property name="java.version" value="17.0.6"/>
    <property name="user.dir" value="C:\Users\dylan\Escritorio\edwin bugs\kruger-full-stack-backend\config-microservice"/>
    <property name="os.arch" value="amd64"/>
    <property name="java.vm.specification.name" value="Java Virtual Machine Specification"/>
    <property name="sun.os.patch.level" value=""/>
    <property name="native.encoding" value="Cp1252"/>
    <property name="java.library.path" value="C:\Program Files\Java\jdk-17\bin;C:\WINDOWS\Sun\Java\bin;C:\WINDOWS\system32;C:\WINDOWS;C:\Program Files\Common Files\Oracle\Java\javapath;C:\Windows\system32;C:\Windows;C:\Windows\System32\Wbem;C:\Windows\System32\WindowsPowerShell\v1.0\;C:\Windows\System32\OpenSSH\;C:\Program Files (x86)\NVIDIA Corporation\PhysX\Common;C:\Program Files\NVIDIA Corporation\NVIDIA NvDLISR;C:\Program Files\nodejs\;C:\Program Files\Git\cmd;C:\WINDOWS\system32;C:\WINDOWS;C:\WINDOWS\System32\Wbem;C:\WINDOWS\System32\WindowsPowerShell\v1.0\;C:\WINDOWS\System32\OpenSSH\;C:\Program Files\dotnet\;C:\Program Files\Java\apache-maven-3.8.7-bin\apache-maven-3.8.7\bin;C:\Users\dylan\AppData\Local\Microsoft\WindowsApps;C:\Users\dylan\AppData\Local\Programs\Microsoft VS Code\bin;C:\Users\dylan\AppData\Roaming\npm;C:\Users\dylan\AppData\Local\GitHubDesktop\bin;mongosh;C:\Program Files (x86)\MongoDB Atlas CLI\;C:\Program Files\JetBrains\IntelliJ IDEA Community Edition 2022.3.1\bin;;."/>
    <property name="java.vm.info" value="mixed mode, sharing"/>
    <property name="java.vendor" value="Oracle Corporation"/>
    <property name="java.vm.version" value="17.0.6+9-LTS-190"/>
    <property name="sun.io.unicode.encoding" value="UnicodeLittle"/>
    <property name="java.class.version" value="61.0"/>
  </properties>
  <testcase name="contextLoads" classname="com.fastfood.configmicroservice.ConfigMicroserviceApplicationTests" time="0.421"/>
</testsuite>